Traceback (most recent call last):
  File "/opt/hostedtoolcache/Python/3.8.12/x64/lib/python3.8/site-packages/jupyter_cache/executors/utils.py", line 51, in single_nb_execution
    executenb(
  File "/opt/hostedtoolcache/Python/3.8.12/x64/lib/python3.8/site-packages/nbclient/client.py", line 1093, in execute
    return NotebookClient(nb=nb, resources=resources, km=km, **kwargs).execute()
  File "/opt/hostedtoolcache/Python/3.8.12/x64/lib/python3.8/site-packages/nbclient/util.py", line 84, in wrapped
    return just_run(coro(*args, **kwargs))
  File "/opt/hostedtoolcache/Python/3.8.12/x64/lib/python3.8/site-packages/nbclient/util.py", line 62, in just_run
    return loop.run_until_complete(coro)
  File "/opt/hostedtoolcache/Python/3.8.12/x64/lib/python3.8/asyncio/base_events.py", line 616, in run_until_complete
    return future.result()
  File "/opt/hostedtoolcache/Python/3.8.12/x64/lib/python3.8/site-packages/nbclient/client.py", line 559, in async_execute
    await self.async_execute_cell(
  File "/opt/hostedtoolcache/Python/3.8.12/x64/lib/python3.8/site-packages/nbclient/client.py", line 854, in async_execute_cell
    self._check_raise_for_error(cell, exec_reply)
  File "/opt/hostedtoolcache/Python/3.8.12/x64/lib/python3.8/site-packages/nbclient/client.py", line 756, in _check_raise_for_error
    raise CellExecutionError.from_cell_and_msg(cell, exec_reply_content)
nbclient.exceptions.CellExecutionError: An error occurred while executing the following cell:
------------------
# calculates precision for 1:100 dataset with 90 tp and 30 fp
# pip install -U scikit-learn
from sklearn.metrics import precision_score
# define actual
act_pos = [1 for _ in range(100)]
act_neg = [0 for _ in range(10000)]
y_true = act_pos + act_neg
# define predictions
pred_pos = [0 for _ in range(10)] + [1 for _ in range(90)]
pred_neg = [1 for _ in range(30)] + [0 for _ in range(9970)]
y_pred = pred_pos + pred_neg
# calculate prediction
precision = precision_score(y_true, y_pred, average='binary')
print('Precision: %.3f' % precision)
------------------

[0;31m---------------------------------------------------------------------------[0m
[0;31mModuleNotFoundError[0m                       Traceback (most recent call last)
[0;32m/tmp/ipykernel_1812/1513056295.py[0m in [0;36m<module>[0;34m[0m
[1;32m      1[0m [0;31m# calculates precision for 1:100 dataset with 90 tp and 30 fp[0m[0;34m[0m[0;34m[0m[0;34m[0m[0m
[1;32m      2[0m [0;31m# pip install -U scikit-learn[0m[0;34m[0m[0;34m[0m[0;34m[0m[0m
[0;32m----> 3[0;31m [0;32mfrom[0m [0msklearn[0m[0;34m.[0m[0mmetrics[0m [0;32mimport[0m [0mprecision_score[0m[0;34m[0m[0;34m[0m[0m
[0m[1;32m      4[0m [0;31m# define actual[0m[0;34m[0m[0;34m[0m[0;34m[0m[0m
[1;32m      5[0m [0mact_pos[0m [0;34m=[0m [0;34m[[0m[0;36m1[0m [0;32mfor[0m [0m_[0m [0;32min[0m [0mrange[0m[0;34m([0m[0;36m100[0m[0;34m)[0m[0;34m][0m[0;34m[0m[0;34m[0m[0m

[0;31mModuleNotFoundError[0m: No module named 'sklearn'
ModuleNotFoundError: No module named 'sklearn'

